{
  level: 'warn',
  message: 'HTTP POST /api/v1/refresh',
  metadata: {
    meta: {
      req: {
        url: '/api/v1/refresh',
        headers: {
          host: 'localhost:5500',
          connection: 'keep-alive',
          'content-length': '2',
          'sec-ch-ua': '"Google Chrome";v="107", "Chromium";v="107", "Not=A?Brand";v="24"',
          accept: 'application/json, text/plain, */*',
          'content-type': 'application/json',
          'sec-ch-ua-mobile': '?0',
          'user-agent': 'Mozilla/5.0 (Windows NT 10.0; Win64; x64) AppleWebKit/537.36 (KHTML, like Gecko) Chrome/107.0.0.0 Safari/537.36',
          'sec-ch-ua-platform': '"Windows"',
          origin: 'http://localhost:3000',
          'sec-fetch-site': 'same-site',
          'sec-fetch-mode': 'cors',
          'sec-fetch-dest': 'empty',
          referer: 'http://localhost:3000/',
          'accept-encoding': 'gzip, deflate, br',
          'accept-language': 'en-US,en;q=0.9'
        },
        method: 'POST',
        httpVersion: '1.1',
        originalUrl: '/api/v1/refresh',
        query: {}
      },
      res: { statusCode: 401 },
      responseTime: 1
    },
    timestamp: '2022-12-18T15:05:18.873Z'
  }
}
