{
  level: 'info',
  message: 'HTTP OPTIONS /api/v1/login',
  metadata: {
    meta: {
      req: {
        url: '/api/v1/login',
        headers: {
          host: 'localhost:5500',
          connection: 'keep-alive',
          accept: '*/*',
          'access-control-request-method': 'POST',
          'access-control-request-headers': 'content-type',
          origin: 'http://localhost:3000',
          'user-agent': 'Mozilla/5.0 (Windows NT 10.0; Win64; x64) AppleWebKit/537.36 (KHTML, like Gecko) Chrome/107.0.0.0 Safari/537.36',
          'sec-fetch-mode': 'cors',
          'sec-fetch-site': 'same-site',
          'sec-fetch-dest': 'empty',
          referer: 'http://localhost:3000/',
          'accept-encoding': 'gzip, deflate, br',
          'accept-language': 'en-US,en;q=0.9'
        },
        method: 'OPTIONS',
        httpVersion: '1.1',
        originalUrl: '/api/v1/login',
        query: {}
      },
      res: { statusCode: 200 },
      responseTime: 2
    },
    timestamp: '2022-12-07T10:12:57.243Z'
  }
}
{
  level: 'info',
  message: 'HTTP POST /api/v1/login',
  metadata: {
    meta: {
      req: {
        url: '/api/v1/login',
        headers: {
          host: 'localhost:5500',
          connection: 'keep-alive',
          'content-length': '43',
          'sec-ch-ua': '"Google Chrome";v="107", "Chromium";v="107", "Not=A?Brand";v="24"',
          accept: 'application/json, text/plain, */*',
          'content-type': 'application/json',
          'sec-ch-ua-mobile': '?0',
          'user-agent': 'Mozilla/5.0 (Windows NT 10.0; Win64; x64) AppleWebKit/537.36 (KHTML, like Gecko) Chrome/107.0.0.0 Safari/537.36',
          'sec-ch-ua-platform': '"Windows"',
          origin: 'http://localhost:3000',
          'sec-fetch-site': 'same-site',
          'sec-fetch-mode': 'cors',
          'sec-fetch-dest': 'empty',
          referer: 'http://localhost:3000/',
          'accept-encoding': 'gzip, deflate, br',
          'accept-language': 'en-US,en;q=0.9',
          cookie: 'jwt=eyJhbGciOiJIUzI1NiIsInR5cCI6IkpXVCJ9.eyJ1c2VySW5mbyI6eyJ1c2VybmFtZSI6ImFkbWluIiwicm9sZXMiOlsxMDAwXX0sImlhdCI6MTY3MDM4MTg2MSwiZXhwIjoxNjcwNDY4MjYxfQ.nkecmLwpdwHAdVAJWjiUSGej0HRTgmDbvow1eHkVJtk'
        },
        method: 'POST',
        httpVersion: '1.1',
        originalUrl: '/api/v1/login',
        query: {}
      },
      res: { statusCode: 200 },
      responseTime: 368
    },
    timestamp: '2022-12-07T10:12:57.620Z'
  }
}
{
  level: 'info',
  message: 'HTTP GET /images/360_F_64676383_LdbmhiNM6Ypzb3FM4PPuFP9rHe7ri8Ju.jpg',
  metadata: {
    meta: {
      req: {
        url: '/images/360_F_64676383_LdbmhiNM6Ypzb3FM4PPuFP9rHe7ri8Ju.jpg',
        headers: {
          host: 'localhost:5500',
          connection: 'keep-alive',
          'sec-ch-ua': '"Google Chrome";v="107", "Chromium";v="107", "Not=A?Brand";v="24"',
          'sec-ch-ua-mobile': '?0',
          'user-agent': 'Mozilla/5.0 (Windows NT 10.0; Win64; x64) AppleWebKit/537.36 (KHTML, like Gecko) Chrome/107.0.0.0 Safari/537.36',
          'sec-ch-ua-platform': '"Windows"',
          accept: 'image/avif,image/webp,image/apng,image/svg+xml,image/*,*/*;q=0.8',
          'sec-fetch-site': 'same-site',
          'sec-fetch-mode': 'no-cors',
          'sec-fetch-dest': 'image',
          referer: 'http://localhost:3000/',
          'accept-encoding': 'gzip, deflate, br',
          'accept-language': 'en-US,en;q=0.9',
          cookie: 'jwt=eyJhbGciOiJIUzI1NiIsInR5cCI6IkpXVCJ9.eyJ1c2VySW5mbyI6eyJ1c2VybmFtZSI6ImFkbWluIiwicm9sZXMiOlsxMDAwXX0sImlhdCI6MTY3MDQwNzk3NywiZXhwIjoxNjcwNDk0Mzc3fQ._kUAbk2X4zger8qc76CIX8IJMdvfQnCNhAGlj7Cl0gA',
          'if-none-match': 'W/"174b-184bfe4847f"',
          'if-modified-since': 'Mon, 28 Nov 2022 20:18:55 GMT'
        },
        method: 'GET',
        httpVersion: '1.1',
        originalUrl: '/images/360_F_64676383_LdbmhiNM6Ypzb3FM4PPuFP9rHe7ri8Ju.jpg',
        query: {}
      },
      res: { statusCode: 304 },
      responseTime: 6
    },
    timestamp: '2022-12-07T10:12:57.646Z'
  }
}
{
  level: 'info',
  message: 'HTTP OPTIONS /api/v1/inventory',
  metadata: {
    meta: {
      req: {
        url: '/api/v1/inventory',
        headers: {
          host: 'localhost:5500',
          connection: 'keep-alive',
          accept: '*/*',
          'access-control-request-method': 'GET',
          'access-control-request-headers': 'authorization',
          origin: 'http://localhost:3000',
          'user-agent': 'Mozilla/5.0 (Windows NT 10.0; Win64; x64) AppleWebKit/537.36 (KHTML, like Gecko) Chrome/107.0.0.0 Safari/537.36',
          'sec-fetch-mode': 'cors',
          'sec-fetch-site': 'same-site',
          'sec-fetch-dest': 'empty',
          referer: 'http://localhost:3000/',
          'accept-encoding': 'gzip, deflate, br',
          'accept-language': 'en-US,en;q=0.9'
        },
        method: 'OPTIONS',
        httpVersion: '1.1',
        originalUrl: '/api/v1/inventory',
        query: {}
      },
      res: { statusCode: 200 },
      responseTime: 0
    },
    timestamp: '2022-12-07T10:12:59.423Z'
  }
}
{
  level: 'info',
  message: 'HTTP GET /api/v1/inventory',
  metadata: {
    meta: {
      req: {
        url: '/api/v1/inventory',
        headers: {
          host: 'localhost:5500',
          connection: 'keep-alive',
          'sec-ch-ua': '"Google Chrome";v="107", "Chromium";v="107", "Not=A?Brand";v="24"',
          accept: 'application/json, text/plain, */*',
          'sec-ch-ua-mobile': '?0',
          authorization: 'Bearer eyJhbGciOiJIUzI1NiIsInR5cCI6IkpXVCJ9.eyJ1c2VySW5mbyI6eyJ1c2VybmFtZSI6ImFkbWluIiwicm9sZXMiOlsxMDAwXX0sImlhdCI6MTY3MDQwNzk3NywiZXhwIjoxNjcwNDA4Mjc3fQ.LRs0nFWMGmLASY0RGfKwVX79I_wNJZmIH2glByq7ILM',
          'user-agent': 'Mozilla/5.0 (Windows NT 10.0; Win64; x64) AppleWebKit/537.36 (KHTML, like Gecko) Chrome/107.0.0.0 Safari/537.36',
          'sec-ch-ua-platform': '"Windows"',
          origin: 'http://localhost:3000',
          'sec-fetch-site': 'same-site',
          'sec-fetch-mode': 'cors',
          'sec-fetch-dest': 'empty',
          referer: 'http://localhost:3000/',
          'accept-encoding': 'gzip, deflate, br',
          'accept-language': 'en-US,en;q=0.9',
          cookie: 'jwt=eyJhbGciOiJIUzI1NiIsInR5cCI6IkpXVCJ9.eyJ1c2VySW5mbyI6eyJ1c2VybmFtZSI6ImFkbWluIiwicm9sZXMiOlsxMDAwXX0sImlhdCI6MTY3MDQwNzk3NywiZXhwIjoxNjcwNDk0Mzc3fQ._kUAbk2X4zger8qc76CIX8IJMdvfQnCNhAGlj7Cl0gA',
          'if-none-match': 'W/"7d8-spjzoqL2m45FfQLtFhDEQcJwTsE"'
        },
        method: 'GET',
        httpVersion: '1.1',
        originalUrl: '/api/v1/inventory',
        query: {}
      },
      res: { statusCode: 304 },
      responseTime: 225
    },
    timestamp: '2022-12-07T10:12:59.649Z'
  }
}
{
  level: 'info',
  message: 'HTTP OPTIONS /api/v1/orders',
  metadata: {
    meta: {
      req: {
        url: '/api/v1/orders',
        headers: {
          host: 'localhost:5500',
          connection: 'keep-alive',
          accept: '*/*',
          'access-control-request-method': 'GET',
          'access-control-request-headers': 'authorization',
          origin: 'http://localhost:3000',
          'user-agent': 'Mozilla/5.0 (Windows NT 10.0; Win64; x64) AppleWebKit/537.36 (KHTML, like Gecko) Chrome/107.0.0.0 Safari/537.36',
          'sec-fetch-mode': 'cors',
          'sec-fetch-site': 'same-site',
          'sec-fetch-dest': 'empty',
          referer: 'http://localhost:3000/',
          'accept-encoding': 'gzip, deflate, br',
          'accept-language': 'en-US,en;q=0.9'
        },
        method: 'OPTIONS',
        httpVersion: '1.1',
        originalUrl: '/api/v1/orders',
        query: {}
      },
      res: { statusCode: 200 },
      responseTime: 0
    },
    timestamp: '2022-12-07T10:13:00.958Z'
  }
}
{
  level: 'info',
  message: 'HTTP GET /api/v1/orders',
  metadata: {
    meta: {
      req: {
        url: '/api/v1/orders',
        headers: {
          host: 'localhost:5500',
          connection: 'keep-alive',
          'sec-ch-ua': '"Google Chrome";v="107", "Chromium";v="107", "Not=A?Brand";v="24"',
          accept: 'application/json, text/plain, */*',
          'sec-ch-ua-mobile': '?0',
          authorization: 'Bearer eyJhbGciOiJIUzI1NiIsInR5cCI6IkpXVCJ9.eyJ1c2VySW5mbyI6eyJ1c2VybmFtZSI6ImFkbWluIiwicm9sZXMiOlsxMDAwXX0sImlhdCI6MTY3MDQwNzk3NywiZXhwIjoxNjcwNDA4Mjc3fQ.LRs0nFWMGmLASY0RGfKwVX79I_wNJZmIH2glByq7ILM',
          'user-agent': 'Mozilla/5.0 (Windows NT 10.0; Win64; x64) AppleWebKit/537.36 (KHTML, like Gecko) Chrome/107.0.0.0 Safari/537.36',
          'sec-ch-ua-platform': '"Windows"',
          origin: 'http://localhost:3000',
          'sec-fetch-site': 'same-site',
          'sec-fetch-mode': 'cors',
          'sec-fetch-dest': 'empty',
          referer: 'http://localhost:3000/',
          'accept-encoding': 'gzip, deflate, br',
          'accept-language': 'en-US,en;q=0.9',
          cookie: 'jwt=eyJhbGciOiJIUzI1NiIsInR5cCI6IkpXVCJ9.eyJ1c2VySW5mbyI6eyJ1c2VybmFtZSI6ImFkbWluIiwicm9sZXMiOlsxMDAwXX0sImlhdCI6MTY3MDQwNzk3NywiZXhwIjoxNjcwNDk0Mzc3fQ._kUAbk2X4zger8qc76CIX8IJMdvfQnCNhAGlj7Cl0gA',
          'if-none-match': 'W/"137-lW0aYCT7jdDL1r5kqfgfdfiPnW8"'
        },
        method: 'GET',
        httpVersion: '1.1',
        originalUrl: '/api/v1/orders',
        query: {}
      },
      res: { statusCode: 304 },
      responseTime: 142
    },
    timestamp: '2022-12-07T10:13:01.102Z'
  }
}
{
  level: 'info',
  message: 'HTTP OPTIONS /api/v1/refresh',
  metadata: {
    meta: {
      req: {
        url: '/api/v1/refresh',
        headers: {
          host: 'localhost:5500',
          connection: 'keep-alive',
          accept: '*/*',
          'access-control-request-method': 'POST',
          'access-control-request-headers': 'content-type',
          origin: 'http://localhost:3000',
          'user-agent': 'Mozilla/5.0 (Windows NT 10.0; Win64; x64) AppleWebKit/537.36 (KHTML, like Gecko) Chrome/107.0.0.0 Safari/537.36',
          'sec-fetch-mode': 'cors',
          'sec-fetch-site': 'same-site',
          'sec-fetch-dest': 'empty',
          referer: 'http://localhost:3000/',
          'accept-encoding': 'gzip, deflate, br',
          'accept-language': 'en-US,en;q=0.9'
        },
        method: 'OPTIONS',
        httpVersion: '1.1',
        originalUrl: '/api/v1/refresh',
        query: {}
      },
      res: { statusCode: 200 },
      responseTime: 0
    },
    timestamp: '2022-12-07T10:13:19.379Z'
  }
}
{
  level: 'info',
  message: 'HTTP POST /api/v1/refresh',
  metadata: {
    meta: {
      req: {
        url: '/api/v1/refresh',
        headers: {
          host: 'localhost:5500',
          connection: 'keep-alive',
          'content-length': '2',
          'sec-ch-ua': '"Google Chrome";v="107", "Chromium";v="107", "Not=A?Brand";v="24"',
          accept: 'application/json, text/plain, */*',
          'content-type': 'application/json',
          'sec-ch-ua-mobile': '?0',
          'user-agent': 'Mozilla/5.0 (Windows NT 10.0; Win64; x64) AppleWebKit/537.36 (KHTML, like Gecko) Chrome/107.0.0.0 Safari/537.36',
          'sec-ch-ua-platform': '"Windows"',
          origin: 'http://localhost:3000',
          'sec-fetch-site': 'same-site',
          'sec-fetch-mode': 'cors',
          'sec-fetch-dest': 'empty',
          referer: 'http://localhost:3000/',
          'accept-encoding': 'gzip, deflate, br',
          'accept-language': 'en-US,en;q=0.9',
          cookie: 'jwt=eyJhbGciOiJIUzI1NiIsInR5cCI6IkpXVCJ9.eyJ1c2VySW5mbyI6eyJ1c2VybmFtZSI6ImFkbWluIiwicm9sZXMiOlsxMDAwXX0sImlhdCI6MTY3MDQwNzk3NywiZXhwIjoxNjcwNDk0Mzc3fQ._kUAbk2X4zger8qc76CIX8IJMdvfQnCNhAGlj7Cl0gA'
        },
        method: 'POST',
        httpVersion: '1.1',
        originalUrl: '/api/v1/refresh',
        query: {}
      },
      res: { statusCode: 200 },
      responseTime: 74
    },
    timestamp: '2022-12-07T10:13:19.456Z'
  }
}
{
  level: 'info',
  message: 'HTTP GET /images/360_F_64676383_LdbmhiNM6Ypzb3FM4PPuFP9rHe7ri8Ju.jpg',
  metadata: {
    meta: {
      req: {
        url: '/images/360_F_64676383_LdbmhiNM6Ypzb3FM4PPuFP9rHe7ri8Ju.jpg',
        headers: {
          host: 'localhost:5500',
          connection: 'keep-alive',
          'sec-ch-ua': '"Google Chrome";v="107", "Chromium";v="107", "Not=A?Brand";v="24"',
          'if-none-match': 'W/"174b-184bfe4847f"',
          'if-modified-since': 'Mon, 28 Nov 2022 20:18:55 GMT',
          'sec-ch-ua-mobile': '?0',
          'user-agent': 'Mozilla/5.0 (Windows NT 10.0; Win64; x64) AppleWebKit/537.36 (KHTML, like Gecko) Chrome/107.0.0.0 Safari/537.36',
          'sec-ch-ua-platform': '"Windows"',
          accept: 'image/avif,image/webp,image/apng,image/svg+xml,image/*,*/*;q=0.8',
          'sec-fetch-site': 'same-site',
          'sec-fetch-mode': 'no-cors',
          'sec-fetch-dest': 'image',
          referer: 'http://localhost:3000/',
          'accept-encoding': 'gzip, deflate, br',
          'accept-language': 'en-US,en;q=0.9',
          cookie: 'jwt=eyJhbGciOiJIUzI1NiIsInR5cCI6IkpXVCJ9.eyJ1c2VySW5mbyI6eyJ1c2VybmFtZSI6ImFkbWluIiwicm9sZXMiOlsxMDAwXX0sImlhdCI6MTY3MDQwNzk3NywiZXhwIjoxNjcwNDk0Mzc3fQ._kUAbk2X4zger8qc76CIX8IJMdvfQnCNhAGlj7Cl0gA'
        },
        method: 'GET',
        httpVersion: '1.1',
        originalUrl: '/images/360_F_64676383_LdbmhiNM6Ypzb3FM4PPuFP9rHe7ri8Ju.jpg',
        query: {}
      },
      res: { statusCode: 304 },
      responseTime: 1
    },
    timestamp: '2022-12-07T10:13:19.463Z'
  }
}
{
  level: 'info',
  message: 'HTTP OPTIONS /api/v1/inventory',
  metadata: {
    meta: {
      req: {
        url: '/api/v1/inventory',
        headers: {
          host: 'localhost:5500',
          connection: 'keep-alive',
          accept: '*/*',
          'access-control-request-method': 'GET',
          'access-control-request-headers': 'authorization',
          origin: 'http://localhost:3000',
          'user-agent': 'Mozilla/5.0 (Windows NT 10.0; Win64; x64) AppleWebKit/537.36 (KHTML, like Gecko) Chrome/107.0.0.0 Safari/537.36',
          'sec-fetch-mode': 'cors',
          'sec-fetch-site': 'same-site',
          'sec-fetch-dest': 'empty',
          referer: 'http://localhost:3000/',
          'accept-encoding': 'gzip, deflate, br',
          'accept-language': 'en-US,en;q=0.9'
        },
        method: 'OPTIONS',
        httpVersion: '1.1',
        originalUrl: '/api/v1/inventory',
        query: {}
      },
      res: { statusCode: 200 },
      responseTime: 0
    },
    timestamp: '2022-12-07T10:13:19.465Z'
  }
}
{
  level: 'info',
  message: 'HTTP GET /api/v1/inventory',
  metadata: {
    meta: {
      req: {
        url: '/api/v1/inventory',
        headers: {
          host: 'localhost:5500',
          connection: 'keep-alive',
          'sec-ch-ua': '"Google Chrome";v="107", "Chromium";v="107", "Not=A?Brand";v="24"',
          accept: 'application/json, text/plain, */*',
          'sec-ch-ua-mobile': '?0',
          authorization: 'Bearer eyJhbGciOiJIUzI1NiIsInR5cCI6IkpXVCJ9.eyJ1c2VySW5mbyI6eyJ1c2VybmFtZSI6ImFkbWluIiwicm9sZXMiOlsxMDAwXX0sImlhdCI6MTY3MDQwNzk5OSwiZXhwIjoxNjcwNDA4MDU5fQ.nYNWHGtJV14VuE5coZTqQsqoHlOz1mDLX1kh41aimIE',
          'user-agent': 'Mozilla/5.0 (Windows NT 10.0; Win64; x64) AppleWebKit/537.36 (KHTML, like Gecko) Chrome/107.0.0.0 Safari/537.36',
          'sec-ch-ua-platform': '"Windows"',
          origin: 'http://localhost:3000',
          'sec-fetch-site': 'same-site',
          'sec-fetch-mode': 'cors',
          'sec-fetch-dest': 'empty',
          referer: 'http://localhost:3000/',
          'accept-encoding': 'gzip, deflate, br',
          'accept-language': 'en-US,en;q=0.9',
          cookie: 'jwt=eyJhbGciOiJIUzI1NiIsInR5cCI6IkpXVCJ9.eyJ1c2VySW5mbyI6eyJ1c2VybmFtZSI6ImFkbWluIiwicm9sZXMiOlsxMDAwXX0sImlhdCI6MTY3MDQwNzk3NywiZXhwIjoxNjcwNDk0Mzc3fQ._kUAbk2X4zger8qc76CIX8IJMdvfQnCNhAGlj7Cl0gA',
          'if-none-match': 'W/"7d8-spjzoqL2m45FfQLtFhDEQcJwTsE"'
        },
        method: 'GET',
        httpVersion: '1.1',
        originalUrl: '/api/v1/inventory',
        query: {}
      },
      res: { statusCode: 304 },
      responseTime: 216
    },
    timestamp: '2022-12-07T10:13:19.684Z'
  }
}
{
  level: 'info',
  message: 'HTTP OPTIONS /api/v1/refresh',
  metadata: {
    meta: {
      req: {
        url: '/api/v1/refresh',
        headers: {
          host: 'localhost:5500',
          connection: 'keep-alive',
          accept: '*/*',
          'access-control-request-method': 'POST',
          'access-control-request-headers': 'content-type',
          origin: 'http://localhost:3000',
          'user-agent': 'Mozilla/5.0 (Windows NT 10.0; Win64; x64) AppleWebKit/537.36 (KHTML, like Gecko) Chrome/107.0.0.0 Safari/537.36',
          'sec-fetch-mode': 'cors',
          'sec-fetch-site': 'same-site',
          'sec-fetch-dest': 'empty',
          referer: 'http://localhost:3000/',
          'accept-encoding': 'gzip, deflate, br',
          'accept-language': 'en-US,en;q=0.9'
        },
        method: 'OPTIONS',
        httpVersion: '1.1',
        originalUrl: '/api/v1/refresh',
        query: {}
      },
      res: { statusCode: 200 },
      responseTime: 2
    },
    timestamp: '2022-12-18T15:04:59.364Z'
  }
}
{
  level: 'info',
  message: 'HTTP POST /api/v1/refresh',
  metadata: {
    meta: {
      req: {
        url: '/api/v1/refresh',
        headers: {
          host: 'localhost:5500',
          connection: 'keep-alive',
          'content-length': '2',
          'sec-ch-ua': '"Google Chrome";v="107", "Chromium";v="107", "Not=A?Brand";v="24"',
          accept: 'application/json, text/plain, */*',
          'content-type': 'application/json',
          'sec-ch-ua-mobile': '?0',
          'user-agent': 'Mozilla/5.0 (Windows NT 10.0; Win64; x64) AppleWebKit/537.36 (KHTML, like Gecko) Chrome/107.0.0.0 Safari/537.36',
          'sec-ch-ua-platform': '"Windows"',
          origin: 'http://localhost:3000',
          'sec-fetch-site': 'same-site',
          'sec-fetch-mode': 'cors',
          'sec-fetch-dest': 'empty',
          referer: 'http://localhost:3000/',
          'accept-encoding': 'gzip, deflate, br',
          'accept-language': 'en-US,en;q=0.9',
          cookie: 'jwt=eyJhbGciOiJIUzI1NiIsInR5cCI6IkpXVCJ9.eyJ1c2VySW5mbyI6eyJ1c2VybmFtZSI6ImFkbWluIiwicm9sZXMiOjEwMDB9LCJpYXQiOjE2NzEzNzAwNjQsImV4cCI6MTY3MTQ1NjQ2NH0.cN6UTgjmNGKfcL3ISdyslMisQegNqjmwIKNAsQUIrnE'
        },
        method: 'POST',
        httpVersion: '1.1',
        originalUrl: '/api/v1/refresh',
        query: {}
      },
      res: { statusCode: 200 },
      responseTime: 640
    },
    timestamp: '2022-12-18T15:05:00.099Z'
  }
}
{
  level: 'info',
  message: 'HTTP GET /images/360_F_64676383_LdbmhiNM6Ypzb3FM4PPuFP9rHe7ri8Ju.jpg',
  metadata: {
    meta: {
      req: {
        url: '/images/360_F_64676383_LdbmhiNM6Ypzb3FM4PPuFP9rHe7ri8Ju.jpg',
        headers: {
          host: 'localhost:5500',
          connection: 'keep-alive',
          'sec-ch-ua': '"Google Chrome";v="107", "Chromium";v="107", "Not=A?Brand";v="24"',
          'sec-ch-ua-mobile': '?0',
          'user-agent': 'Mozilla/5.0 (Windows NT 10.0; Win64; x64) AppleWebKit/537.36 (KHTML, like Gecko) Chrome/107.0.0.0 Safari/537.36',
          'sec-ch-ua-platform': '"Windows"',
          accept: 'image/avif,image/webp,image/apng,image/svg+xml,image/*,*/*;q=0.8',
          'sec-fetch-site': 'same-site',
          'sec-fetch-mode': 'no-cors',
          'sec-fetch-dest': 'image',
          referer: 'http://localhost:3000/',
          'accept-encoding': 'gzip, deflate, br',
          'accept-language': 'en-US,en;q=0.9',
          cookie: 'jwt=eyJhbGciOiJIUzI1NiIsInR5cCI6IkpXVCJ9.eyJ1c2VySW5mbyI6eyJ1c2VybmFtZSI6ImFkbWluIiwicm9sZXMiOjEwMDB9LCJpYXQiOjE2NzEzNzAwNjQsImV4cCI6MTY3MTQ1NjQ2NH0.cN6UTgjmNGKfcL3ISdyslMisQegNqjmwIKNAsQUIrnE',
          'if-none-match': 'W/"174b-184bfe4847f"',
          'if-modified-since': 'Mon, 28 Nov 2022 20:18:55 GMT'
        },
        method: 'GET',
        httpVersion: '1.1',
        originalUrl: '/images/360_F_64676383_LdbmhiNM6Ypzb3FM4PPuFP9rHe7ri8Ju.jpg',
        query: {}
      },
      res: { statusCode: 304 },
      responseTime: 3
    },
    timestamp: '2022-12-18T15:05:00.274Z'
  }
}
{
  level: 'info',
  message: 'HTTP OPTIONS /api/v1/logout',
  metadata: {
    meta: {
      req: {
        url: '/api/v1/logout',
        headers: {
          host: 'localhost:5500',
          connection: 'keep-alive',
          accept: '*/*',
          'access-control-request-method': 'POST',
          'access-control-request-headers': 'content-type',
          origin: 'http://localhost:3000',
          'user-agent': 'Mozilla/5.0 (Windows NT 10.0; Win64; x64) AppleWebKit/537.36 (KHTML, like Gecko) Chrome/107.0.0.0 Safari/537.36',
          'sec-fetch-mode': 'cors',
          'sec-fetch-site': 'same-site',
          'sec-fetch-dest': 'empty',
          referer: 'http://localhost:3000/',
          'accept-encoding': 'gzip, deflate, br',
          'accept-language': 'en-US,en;q=0.9'
        },
        method: 'OPTIONS',
        httpVersion: '1.1',
        originalUrl: '/api/v1/logout',
        query: {}
      },
      res: { statusCode: 200 },
      responseTime: 0
    },
    timestamp: '2022-12-18T15:05:18.663Z'
  }
}
{
  level: 'info',
  message: 'HTTP POST /api/v1/logout',
  metadata: {
    meta: {
      req: {
        url: '/api/v1/logout',
        headers: {
          host: 'localhost:5500',
          connection: 'keep-alive',
          'content-length': '2',
          'sec-ch-ua': '"Google Chrome";v="107", "Chromium";v="107", "Not=A?Brand";v="24"',
          accept: 'application/json, text/plain, */*',
          'content-type': 'application/json',
          'sec-ch-ua-mobile': '?0',
          'user-agent': 'Mozilla/5.0 (Windows NT 10.0; Win64; x64) AppleWebKit/537.36 (KHTML, like Gecko) Chrome/107.0.0.0 Safari/537.36',
          'sec-ch-ua-platform': '"Windows"',
          origin: 'http://localhost:3000',
          'sec-fetch-site': 'same-site',
          'sec-fetch-mode': 'cors',
          'sec-fetch-dest': 'empty',
          referer: 'http://localhost:3000/',
          'accept-encoding': 'gzip, deflate, br',
          'accept-language': 'en-US,en;q=0.9',
          cookie: 'jwt=eyJhbGciOiJIUzI1NiIsInR5cCI6IkpXVCJ9.eyJ1c2VySW5mbyI6eyJ1c2VybmFtZSI6ImFkbWluIiwicm9sZXMiOjEwMDB9LCJpYXQiOjE2NzEzNzAwNjQsImV4cCI6MTY3MTQ1NjQ2NH0.cN6UTgjmNGKfcL3ISdyslMisQegNqjmwIKNAsQUIrnE'
        },
        method: 'POST',
        httpVersion: '1.1',
        originalUrl: '/api/v1/logout',
        query: {}
      },
      res: { statusCode: 204 },
      responseTime: 170
    },
    timestamp: '2022-12-18T15:05:18.836Z'
  }
}
{
  level: 'info',
  message: 'HTTP OPTIONS /api/v1/refresh',
  metadata: {
    meta: {
      req: {
        url: '/api/v1/refresh',
        headers: {
          host: 'localhost:5500',
          connection: 'keep-alive',
          accept: '*/*',
          'access-control-request-method': 'POST',
          'access-control-request-headers': 'content-type',
          origin: 'http://localhost:3000',
          'user-agent': 'Mozilla/5.0 (Windows NT 10.0; Win64; x64) AppleWebKit/537.36 (KHTML, like Gecko) Chrome/107.0.0.0 Safari/537.36',
          'sec-fetch-mode': 'cors',
          'sec-fetch-site': 'same-site',
          'sec-fetch-dest': 'empty',
          referer: 'http://localhost:3000/',
          'accept-encoding': 'gzip, deflate, br',
          'accept-language': 'en-US,en;q=0.9'
        },
        method: 'OPTIONS',
        httpVersion: '1.1',
        originalUrl: '/api/v1/refresh',
        query: {}
      },
      res: { statusCode: 200 },
      responseTime: 0
    },
    timestamp: '2022-12-18T15:05:18.869Z'
  }
}
{
  level: 'warn',
  message: 'HTTP POST /api/v1/refresh',
  metadata: {
    meta: {
      req: {
        url: '/api/v1/refresh',
        headers: {
          host: 'localhost:5500',
          connection: 'keep-alive',
          'content-length': '2',
          'sec-ch-ua': '"Google Chrome";v="107", "Chromium";v="107", "Not=A?Brand";v="24"',
          accept: 'application/json, text/plain, */*',
          'content-type': 'application/json',
          'sec-ch-ua-mobile': '?0',
          'user-agent': 'Mozilla/5.0 (Windows NT 10.0; Win64; x64) AppleWebKit/537.36 (KHTML, like Gecko) Chrome/107.0.0.0 Safari/537.36',
          'sec-ch-ua-platform': '"Windows"',
          origin: 'http://localhost:3000',
          'sec-fetch-site': 'same-site',
          'sec-fetch-mode': 'cors',
          'sec-fetch-dest': 'empty',
          referer: 'http://localhost:3000/',
          'accept-encoding': 'gzip, deflate, br',
          'accept-language': 'en-US,en;q=0.9'
        },
        method: 'POST',
        httpVersion: '1.1',
        originalUrl: '/api/v1/refresh',
        query: {}
      },
      res: { statusCode: 401 },
      responseTime: 1
    },
    timestamp: '2022-12-18T15:05:18.873Z'
  }
}
{
  level: 'info',
  message: 'HTTP OPTIONS /api/v1/login',
  metadata: {
    meta: {
      req: {
        url: '/api/v1/login',
        headers: {
          host: 'localhost:5500',
          connection: 'keep-alive',
          accept: '*/*',
          'access-control-request-method': 'POST',
          'access-control-request-headers': 'content-type',
          origin: 'http://localhost:3000',
          'user-agent': 'Mozilla/5.0 (Windows NT 10.0; Win64; x64) AppleWebKit/537.36 (KHTML, like Gecko) Chrome/107.0.0.0 Safari/537.36',
          'sec-fetch-mode': 'cors',
          'sec-fetch-site': 'same-site',
          'sec-fetch-dest': 'empty',
          referer: 'http://localhost:3000/',
          'accept-encoding': 'gzip, deflate, br',
          'accept-language': 'en-US,en;q=0.9'
        },
        method: 'OPTIONS',
        httpVersion: '1.1',
        originalUrl: '/api/v1/login',
        query: {}
      },
      res: { statusCode: 200 },
      responseTime: 0
    },
    timestamp: '2022-12-18T15:05:27.644Z'
  }
}
{
  level: 'info',
  message: 'HTTP POST /api/v1/login',
  metadata: {
    meta: {
      req: {
        url: '/api/v1/login',
        headers: {
          host: 'localhost:5500',
          connection: 'keep-alive',
          'content-length': '43',
          'sec-ch-ua': '"Google Chrome";v="107", "Chromium";v="107", "Not=A?Brand";v="24"',
          accept: 'application/json, text/plain, */*',
          'content-type': 'application/json',
          'sec-ch-ua-mobile': '?0',
          'user-agent': 'Mozilla/5.0 (Windows NT 10.0; Win64; x64) AppleWebKit/537.36 (KHTML, like Gecko) Chrome/107.0.0.0 Safari/537.36',
          'sec-ch-ua-platform': '"Windows"',
          origin: 'http://localhost:3000',
          'sec-fetch-site': 'same-site',
          'sec-fetch-mode': 'cors',
          'sec-fetch-dest': 'empty',
          referer: 'http://localhost:3000/',
          'accept-encoding': 'gzip, deflate, br',
          'accept-language': 'en-US,en;q=0.9'
        },
        method: 'POST',
        httpVersion: '1.1',
        originalUrl: '/api/v1/login',
        query: {}
      },
      res: { statusCode: 200 },
      responseTime: 824
    },
    timestamp: '2022-12-18T15:05:28.471Z'
  }
}
{
  level: 'info',
  message: 'HTTP GET /images/360_F_64676383_LdbmhiNM6Ypzb3FM4PPuFP9rHe7ri8Ju.jpg',
  metadata: {
    meta: {
      req: {
        url: '/images/360_F_64676383_LdbmhiNM6Ypzb3FM4PPuFP9rHe7ri8Ju.jpg',
        headers: {
          host: 'localhost:5500',
          connection: 'keep-alive',
          'sec-ch-ua': '"Google Chrome";v="107", "Chromium";v="107", "Not=A?Brand";v="24"',
          'sec-ch-ua-mobile': '?0',
          'user-agent': 'Mozilla/5.0 (Windows NT 10.0; Win64; x64) AppleWebKit/537.36 (KHTML, like Gecko) Chrome/107.0.0.0 Safari/537.36',
          'sec-ch-ua-platform': '"Windows"',
          accept: 'image/avif,image/webp,image/apng,image/svg+xml,image/*,*/*;q=0.8',
          'sec-fetch-site': 'same-site',
          'sec-fetch-mode': 'no-cors',
          'sec-fetch-dest': 'image',
          referer: 'http://localhost:3000/',
          'accept-encoding': 'gzip, deflate, br',
          'accept-language': 'en-US,en;q=0.9',
          cookie: 'jwt=eyJhbGciOiJIUzI1NiIsInR5cCI6IkpXVCJ9.eyJ1c2VySW5mbyI6eyJ1c2VybmFtZSI6ImFkbWluIiwicm9sZXMiOjEwMDB9LCJpYXQiOjE2NzEzNzU5MjgsImV4cCI6MTY3MTQ2MjMyOH0.h_emgqfMHAOY-QIcMcHX0Sa5MBh-FwPiCmqvA3id7J4',
          'if-none-match': 'W/"174b-184bfe4847f"',
          'if-modified-since': 'Mon, 28 Nov 2022 20:18:55 GMT'
        },
        method: 'GET',
        httpVersion: '1.1',
        originalUrl: '/images/360_F_64676383_LdbmhiNM6Ypzb3FM4PPuFP9rHe7ri8Ju.jpg',
        query: {}
      },
      res: { statusCode: 304 },
      responseTime: 1
    },
    timestamp: '2022-12-18T15:05:28.491Z'
  }
}
{
  level: 'info',
  message: 'HTTP OPTIONS /api/v1/inventory',
  metadata: {
    meta: {
      req: {
        url: '/api/v1/inventory',
        headers: {
          host: 'localhost:5500',
          connection: 'keep-alive',
          accept: '*/*',
          'access-control-request-method': 'GET',
          'access-control-request-headers': 'authorization',
          origin: 'http://localhost:3000',
          'user-agent': 'Mozilla/5.0 (Windows NT 10.0; Win64; x64) AppleWebKit/537.36 (KHTML, like Gecko) Chrome/107.0.0.0 Safari/537.36',
          'sec-fetch-mode': 'cors',
          'sec-fetch-site': 'same-site',
          'sec-fetch-dest': 'empty',
          referer: 'http://localhost:3000/',
          'accept-encoding': 'gzip, deflate, br',
          'accept-language': 'en-US,en;q=0.9'
        },
        method: 'OPTIONS',
        httpVersion: '1.1',
        originalUrl: '/api/v1/inventory',
        query: {}
      },
      res: { statusCode: 200 },
      responseTime: 0
    },
    timestamp: '2022-12-18T15:05:46.589Z'
  }
}
{
  level: 'info',
  message: 'HTTP OPTIONS /api/v1/category',
  metadata: {
    meta: {
      req: {
        url: '/api/v1/category',
        headers: {
          host: 'localhost:5500',
          connection: 'keep-alive',
          accept: '*/*',
          'access-control-request-method': 'GET',
          'access-control-request-headers': 'authorization',
          origin: 'http://localhost:3000',
          'user-agent': 'Mozilla/5.0 (Windows NT 10.0; Win64; x64) AppleWebKit/537.36 (KHTML, like Gecko) Chrome/107.0.0.0 Safari/537.36',
          'sec-fetch-mode': 'cors',
          'sec-fetch-site': 'same-site',
          'sec-fetch-dest': 'empty',
          referer: 'http://localhost:3000/',
          'accept-encoding': 'gzip, deflate, br',
          'accept-language': 'en-US,en;q=0.9'
        },
        method: 'OPTIONS',
        httpVersion: '1.1',
        originalUrl: '/api/v1/category',
        query: {}
      },
      res: { statusCode: 200 },
      responseTime: 0
    },
    timestamp: '2022-12-18T15:05:46.592Z'
  }
}
{
  level: 'info',
  message: 'HTTP GET /api/v1/category',
  metadata: {
    meta: {
      req: {
        url: '/api/v1/category',
        headers: {
          host: 'localhost:5500',
          connection: 'keep-alive',
          'sec-ch-ua': '"Google Chrome";v="107", "Chromium";v="107", "Not=A?Brand";v="24"',
          accept: 'application/json, text/plain, */*',
          'sec-ch-ua-mobile': '?0',
          authorization: 'Bearer eyJhbGciOiJIUzI1NiIsInR5cCI6IkpXVCJ9.eyJ1c2VySW5mbyI6eyJ1c2VybmFtZSI6ImFkbWluIiwicm9sZXMiOjEwMDB9LCJpYXQiOjE2NzEzNzU5MjgsImV4cCI6MTY3MTM3NjIyOH0.Z3scyJbrlOhVh17xLoyS-7LGn90VODgugV43npeoL64',
          'user-agent': 'Mozilla/5.0 (Windows NT 10.0; Win64; x64) AppleWebKit/537.36 (KHTML, like Gecko) Chrome/107.0.0.0 Safari/537.36',
          'sec-ch-ua-platform': '"Windows"',
          origin: 'http://localhost:3000',
          'sec-fetch-site': 'same-site',
          'sec-fetch-mode': 'cors',
          'sec-fetch-dest': 'empty',
          referer: 'http://localhost:3000/',
          'accept-encoding': 'gzip, deflate, br',
          'accept-language': 'en-US,en;q=0.9',
          cookie: 'jwt=eyJhbGciOiJIUzI1NiIsInR5cCI6IkpXVCJ9.eyJ1c2VySW5mbyI6eyJ1c2VybmFtZSI6ImFkbWluIiwicm9sZXMiOjEwMDB9LCJpYXQiOjE2NzEzNzU5MjgsImV4cCI6MTY3MTQ2MjMyOH0.h_emgqfMHAOY-QIcMcHX0Sa5MBh-FwPiCmqvA3id7J4',
          'if-none-match': 'W/"b0-mhm2T7ylcxoOp7KseltYzUB0FZI"'
        },
        method: 'GET',
        httpVersion: '1.1',
        originalUrl: '/api/v1/category',
        query: {}
      },
      res: { statusCode: 304 },
      responseTime: 78
    },
    timestamp: '2022-12-18T15:05:46.920Z'
  }
}
{
  level: 'info',
  message: 'HTTP GET /api/v1/inventory',
  metadata: {
    meta: {
      req: {
        url: '/api/v1/inventory',
        headers: {
          host: 'localhost:5500',
          connection: 'keep-alive',
          'sec-ch-ua': '"Google Chrome";v="107", "Chromium";v="107", "Not=A?Brand";v="24"',
          accept: 'application/json, text/plain, */*',
          'sec-ch-ua-mobile': '?0',
          authorization: 'Bearer eyJhbGciOiJIUzI1NiIsInR5cCI6IkpXVCJ9.eyJ1c2VySW5mbyI6eyJ1c2VybmFtZSI6ImFkbWluIiwicm9sZXMiOjEwMDB9LCJpYXQiOjE2NzEzNzU5MjgsImV4cCI6MTY3MTM3NjIyOH0.Z3scyJbrlOhVh17xLoyS-7LGn90VODgugV43npeoL64',
          'user-agent': 'Mozilla/5.0 (Windows NT 10.0; Win64; x64) AppleWebKit/537.36 (KHTML, like Gecko) Chrome/107.0.0.0 Safari/537.36',
          'sec-ch-ua-platform': '"Windows"',
          origin: 'http://localhost:3000',
          'sec-fetch-site': 'same-site',
          'sec-fetch-mode': 'cors',
          'sec-fetch-dest': 'empty',
          referer: 'http://localhost:3000/',
          'accept-encoding': 'gzip, deflate, br',
          'accept-language': 'en-US,en;q=0.9',
          cookie: 'jwt=eyJhbGciOiJIUzI1NiIsInR5cCI6IkpXVCJ9.eyJ1c2VySW5mbyI6eyJ1c2VybmFtZSI6ImFkbWluIiwicm9sZXMiOjEwMDB9LCJpYXQiOjE2NzEzNzU5MjgsImV4cCI6MTY3MTQ2MjMyOH0.h_emgqfMHAOY-QIcMcHX0Sa5MBh-FwPiCmqvA3id7J4'
        },
        method: 'GET',
        httpVersion: '1.1',
        originalUrl: '/api/v1/inventory',
        query: {}
      },
      res: { statusCode: 200 },
      responseTime: 398
    },
    timestamp: '2022-12-18T15:05:46.992Z'
  }
}
{
  level: 'info',
  message: 'HTTP OPTIONS /api/v1/orders',
  metadata: {
    meta: {
      req: {
        url: '/api/v1/orders',
        headers: {
          host: 'localhost:5500',
          connection: 'keep-alive',
          accept: '*/*',
          'access-control-request-method': 'GET',
          'access-control-request-headers': 'authorization',
          origin: 'http://localhost:3000',
          'user-agent': 'Mozilla/5.0 (Windows NT 10.0; Win64; x64) AppleWebKit/537.36 (KHTML, like Gecko) Chrome/107.0.0.0 Safari/537.36',
          'sec-fetch-mode': 'cors',
          'sec-fetch-site': 'same-site',
          'sec-fetch-dest': 'empty',
          referer: 'http://localhost:3000/',
          'accept-encoding': 'gzip, deflate, br',
          'accept-language': 'en-US,en;q=0.9'
        },
        method: 'OPTIONS',
        httpVersion: '1.1',
        originalUrl: '/api/v1/orders',
        query: {}
      },
      res: { statusCode: 200 },
      responseTime: 0
    },
    timestamp: '2022-12-18T15:05:48.429Z'
  }
}
{
  level: 'info',
  message: 'HTTP OPTIONS /api/v1/customers',
  metadata: {
    meta: {
      req: {
        url: '/api/v1/customers',
        headers: {
          host: 'localhost:5500',
          connection: 'keep-alive',
          accept: '*/*',
          'access-control-request-method': 'GET',
          'access-control-request-headers': 'authorization',
          origin: 'http://localhost:3000',
          'user-agent': 'Mozilla/5.0 (Windows NT 10.0; Win64; x64) AppleWebKit/537.36 (KHTML, like Gecko) Chrome/107.0.0.0 Safari/537.36',
          'sec-fetch-mode': 'cors',
          'sec-fetch-site': 'same-site',
          'sec-fetch-dest': 'empty',
          referer: 'http://localhost:3000/',
          'accept-encoding': 'gzip, deflate, br',
          'accept-language': 'en-US,en;q=0.9'
        },
        method: 'OPTIONS',
        httpVersion: '1.1',
        originalUrl: '/api/v1/customers',
        query: {}
      },
      res: { statusCode: 200 },
      responseTime: 1
    },
    timestamp: '2022-12-18T15:05:48.432Z'
  }
}
{
  level: 'info',
  message: 'HTTP GET /api/v1/customers',
  metadata: {
    meta: {
      req: {
        url: '/api/v1/customers',
        headers: {
          host: 'localhost:5500',
          connection: 'keep-alive',
          'sec-ch-ua': '"Google Chrome";v="107", "Chromium";v="107", "Not=A?Brand";v="24"',
          accept: 'application/json, text/plain, */*',
          'sec-ch-ua-mobile': '?0',
          authorization: 'Bearer eyJhbGciOiJIUzI1NiIsInR5cCI6IkpXVCJ9.eyJ1c2VySW5mbyI6eyJ1c2VybmFtZSI6ImFkbWluIiwicm9sZXMiOjEwMDB9LCJpYXQiOjE2NzEzNzU5MjgsImV4cCI6MTY3MTM3NjIyOH0.Z3scyJbrlOhVh17xLoyS-7LGn90VODgugV43npeoL64',
          'user-agent': 'Mozilla/5.0 (Windows NT 10.0; Win64; x64) AppleWebKit/537.36 (KHTML, like Gecko) Chrome/107.0.0.0 Safari/537.36',
          'sec-ch-ua-platform': '"Windows"',
          origin: 'http://localhost:3000',
          'sec-fetch-site': 'same-site',
          'sec-fetch-mode': 'cors',
          'sec-fetch-dest': 'empty',
          referer: 'http://localhost:3000/',
          'accept-encoding': 'gzip, deflate, br',
          'accept-language': 'en-US,en;q=0.9',
          cookie: 'jwt=eyJhbGciOiJIUzI1NiIsInR5cCI6IkpXVCJ9.eyJ1c2VySW5mbyI6eyJ1c2VybmFtZSI6ImFkbWluIiwicm9sZXMiOjEwMDB9LCJpYXQiOjE2NzEzNzU5MjgsImV4cCI6MTY3MTQ2MjMyOH0.h_emgqfMHAOY-QIcMcHX0Sa5MBh-FwPiCmqvA3id7J4'
        },
        method: 'GET',
        httpVersion: '1.1',
        originalUrl: '/api/v1/customers',
        query: {}
      },
      res: { statusCode: 200 },
      responseTime: 73
    },
    timestamp: '2022-12-18T15:05:48.513Z'
  }
}
{
  level: 'info',
  message: 'HTTP GET /api/v1/inventory',
  metadata: {
    meta: {
      req: {
        url: '/api/v1/inventory',
        headers: {
          host: 'localhost:5500',
          connection: 'keep-alive',
          'sec-ch-ua': '"Google Chrome";v="107", "Chromium";v="107", "Not=A?Brand";v="24"',
          accept: 'application/json, text/plain, */*',
          'sec-ch-ua-mobile': '?0',
          authorization: 'Bearer eyJhbGciOiJIUzI1NiIsInR5cCI6IkpXVCJ9.eyJ1c2VySW5mbyI6eyJ1c2VybmFtZSI6ImFkbWluIiwicm9sZXMiOjEwMDB9LCJpYXQiOjE2NzEzNzU5MjgsImV4cCI6MTY3MTM3NjIyOH0.Z3scyJbrlOhVh17xLoyS-7LGn90VODgugV43npeoL64',
          'user-agent': 'Mozilla/5.0 (Windows NT 10.0; Win64; x64) AppleWebKit/537.36 (KHTML, like Gecko) Chrome/107.0.0.0 Safari/537.36',
          'sec-ch-ua-platform': '"Windows"',
          origin: 'http://localhost:3000',
          'sec-fetch-site': 'same-site',
          'sec-fetch-mode': 'cors',
          'sec-fetch-dest': 'empty',
          referer: 'http://localhost:3000/',
          'accept-encoding': 'gzip, deflate, br',
          'accept-language': 'en-US,en;q=0.9',
          cookie: 'jwt=eyJhbGciOiJIUzI1NiIsInR5cCI6IkpXVCJ9.eyJ1c2VySW5mbyI6eyJ1c2VybmFtZSI6ImFkbWluIiwicm9sZXMiOjEwMDB9LCJpYXQiOjE2NzEzNzU5MjgsImV4cCI6MTY3MTQ2MjMyOH0.h_emgqfMHAOY-QIcMcHX0Sa5MBh-FwPiCmqvA3id7J4',
          'if-none-match': 'W/"639-gOYCMLvPWhKqh7Sr26s3i5sW8A8"'
        },
        method: 'GET',
        httpVersion: '1.1',
        originalUrl: '/api/v1/inventory',
        query: {}
      },
      res: { statusCode: 304 },
      responseTime: 149
    },
    timestamp: '2022-12-18T15:05:48.582Z'
  }
}
{
  level: 'info',
  message: 'HTTP GET /api/v1/orders',
  metadata: {
    meta: {
      req: {
        url: '/api/v1/orders',
        headers: {
          host: 'localhost:5500',
          connection: 'keep-alive',
          'sec-ch-ua': '"Google Chrome";v="107", "Chromium";v="107", "Not=A?Brand";v="24"',
          accept: 'application/json, text/plain, */*',
          'sec-ch-ua-mobile': '?0',
          authorization: 'Bearer eyJhbGciOiJIUzI1NiIsInR5cCI6IkpXVCJ9.eyJ1c2VySW5mbyI6eyJ1c2VybmFtZSI6ImFkbWluIiwicm9sZXMiOjEwMDB9LCJpYXQiOjE2NzEzNzU5MjgsImV4cCI6MTY3MTM3NjIyOH0.Z3scyJbrlOhVh17xLoyS-7LGn90VODgugV43npeoL64',
          'user-agent': 'Mozilla/5.0 (Windows NT 10.0; Win64; x64) AppleWebKit/537.36 (KHTML, like Gecko) Chrome/107.0.0.0 Safari/537.36',
          'sec-ch-ua-platform': '"Windows"',
          origin: 'http://localhost:3000',
          'sec-fetch-site': 'same-site',
          'sec-fetch-mode': 'cors',
          'sec-fetch-dest': 'empty',
          referer: 'http://localhost:3000/',
          'accept-encoding': 'gzip, deflate, br',
          'accept-language': 'en-US,en;q=0.9',
          cookie: 'jwt=eyJhbGciOiJIUzI1NiIsInR5cCI6IkpXVCJ9.eyJ1c2VySW5mbyI6eyJ1c2VybmFtZSI6ImFkbWluIiwicm9sZXMiOjEwMDB9LCJpYXQiOjE2NzEzNzU5MjgsImV4cCI6MTY3MTQ2MjMyOH0.h_emgqfMHAOY-QIcMcHX0Sa5MBh-FwPiCmqvA3id7J4',
          'if-none-match': 'W/"254-oyj5r15jg8WlLOcmHdZNJ0F2Zh0"'
        },
        method: 'GET',
        httpVersion: '1.1',
        originalUrl: '/api/v1/orders',
        query: {}
      },
      res: { statusCode: 304 },
      responseTime: 736
    },
    timestamp: '2022-12-18T15:05:49.173Z'
  }
}
{
  level: 'info',
  message: 'HTTP OPTIONS /api/v1/employees',
  metadata: {
    meta: {
      req: {
        url: '/api/v1/employees',
        headers: {
          host: 'localhost:5500',
          connection: 'keep-alive',
          accept: '*/*',
          'access-control-request-method': 'GET',
          'access-control-request-headers': 'authorization',
          origin: 'http://localhost:3000',
          'user-agent': 'Mozilla/5.0 (Windows NT 10.0; Win64; x64) AppleWebKit/537.36 (KHTML, like Gecko) Chrome/107.0.0.0 Safari/537.36',
          'sec-fetch-mode': 'cors',
          'sec-fetch-site': 'same-site',
          'sec-fetch-dest': 'empty',
          referer: 'http://localhost:3000/',
          'accept-encoding': 'gzip, deflate, br',
          'accept-language': 'en-US,en;q=0.9'
        },
        method: 'OPTIONS',
        httpVersion: '1.1',
        originalUrl: '/api/v1/employees',
        query: {}
      },
      res: { statusCode: 200 },
      responseTime: 0
    },
    timestamp: '2022-12-18T15:05:49.754Z'
  }
}
{
  level: 'info',
  message: 'HTTP GET /api/v1/employees',
  metadata: {
    meta: {
      req: {
        url: '/api/v1/employees',
        headers: {
          host: 'localhost:5500',
          connection: 'keep-alive',
          'sec-ch-ua': '"Google Chrome";v="107", "Chromium";v="107", "Not=A?Brand";v="24"',
          accept: 'application/json, text/plain, */*',
          'sec-ch-ua-mobile': '?0',
          authorization: 'Bearer eyJhbGciOiJIUzI1NiIsInR5cCI6IkpXVCJ9.eyJ1c2VySW5mbyI6eyJ1c2VybmFtZSI6ImFkbWluIiwicm9sZXMiOjEwMDB9LCJpYXQiOjE2NzEzNzU5MjgsImV4cCI6MTY3MTM3NjIyOH0.Z3scyJbrlOhVh17xLoyS-7LGn90VODgugV43npeoL64',
          'user-agent': 'Mozilla/5.0 (Windows NT 10.0; Win64; x64) AppleWebKit/537.36 (KHTML, like Gecko) Chrome/107.0.0.0 Safari/537.36',
          'sec-ch-ua-platform': '"Windows"',
          origin: 'http://localhost:3000',
          'sec-fetch-site': 'same-site',
          'sec-fetch-mode': 'cors',
          'sec-fetch-dest': 'empty',
          referer: 'http://localhost:3000/',
          'accept-encoding': 'gzip, deflate, br',
          'accept-language': 'en-US,en;q=0.9',
          cookie: 'jwt=eyJhbGciOiJIUzI1NiIsInR5cCI6IkpXVCJ9.eyJ1c2VySW5mbyI6eyJ1c2VybmFtZSI6ImFkbWluIiwicm9sZXMiOjEwMDB9LCJpYXQiOjE2NzEzNzU5MjgsImV4cCI6MTY3MTQ2MjMyOH0.h_emgqfMHAOY-QIcMcHX0Sa5MBh-FwPiCmqvA3id7J4',
          'if-none-match': 'W/"46d-d6l8Kne8HLToGXIUPI2Unm7Jb8k"'
        },
        method: 'GET',
        httpVersion: '1.1',
        originalUrl: '/api/v1/employees',
        query: {}
      },
      res: { statusCode: 200 },
      responseTime: 68
    },
    timestamp: '2022-12-18T15:05:49.825Z'
  }
}
{
  level: 'info',
  message: 'HTTP GET /api/v1/customers',
  metadata: {
    meta: {
      req: {
        url: '/api/v1/customers',
        headers: {
          host: 'localhost:5500',
          connection: 'keep-alive',
          'sec-ch-ua': '"Google Chrome";v="107", "Chromium";v="107", "Not=A?Brand";v="24"',
          accept: 'application/json, text/plain, */*',
          'sec-ch-ua-mobile': '?0',
          authorization: 'Bearer eyJhbGciOiJIUzI1NiIsInR5cCI6IkpXVCJ9.eyJ1c2VySW5mbyI6eyJ1c2VybmFtZSI6ImFkbWluIiwicm9sZXMiOjEwMDB9LCJpYXQiOjE2NzEzNzU5MjgsImV4cCI6MTY3MTM3NjIyOH0.Z3scyJbrlOhVh17xLoyS-7LGn90VODgugV43npeoL64',
          'user-agent': 'Mozilla/5.0 (Windows NT 10.0; Win64; x64) AppleWebKit/537.36 (KHTML, like Gecko) Chrome/107.0.0.0 Safari/537.36',
          'sec-ch-ua-platform': '"Windows"',
          origin: 'http://localhost:3000',
          'sec-fetch-site': 'same-site',
          'sec-fetch-mode': 'cors',
          'sec-fetch-dest': 'empty',
          referer: 'http://localhost:3000/',
          'accept-encoding': 'gzip, deflate, br',
          'accept-language': 'en-US,en;q=0.9',
          cookie: 'jwt=eyJhbGciOiJIUzI1NiIsInR5cCI6IkpXVCJ9.eyJ1c2VySW5mbyI6eyJ1c2VybmFtZSI6ImFkbWluIiwicm9sZXMiOjEwMDB9LCJpYXQiOjE2NzEzNzU5MjgsImV4cCI6MTY3MTQ2MjMyOH0.h_emgqfMHAOY-QIcMcHX0Sa5MBh-FwPiCmqvA3id7J4',
          'if-none-match': 'W/"1e4-icVHMrqjp8Gl5KsFZan4/F07njU"'
        },
        method: 'GET',
        httpVersion: '1.1',
        originalUrl: '/api/v1/customers',
        query: {}
      },
      res: { statusCode: 304 },
      responseTime: 72
    },
    timestamp: '2022-12-18T15:05:52.465Z'
  }
}
{
  level: 'info',
  message: 'HTTP OPTIONS /api/v1/inventory',
  metadata: {
    meta: {
      req: {
        url: '/api/v1/inventory',
        headers: {
          host: 'localhost:5500',
          connection: 'keep-alive',
          accept: '*/*',
          'access-control-request-method': 'GET',
          'access-control-request-headers': 'authorization',
          origin: 'http://localhost:3000',
          'user-agent': 'Mozilla/5.0 (Windows NT 10.0; Win64; x64) AppleWebKit/537.36 (KHTML, like Gecko) Chrome/107.0.0.0 Safari/537.36',
          'sec-fetch-mode': 'cors',
          'sec-fetch-site': 'same-site',
          'sec-fetch-dest': 'empty',
          referer: 'http://localhost:3000/',
          'accept-encoding': 'gzip, deflate, br',
          'accept-language': 'en-US,en;q=0.9'
        },
        method: 'OPTIONS',
        httpVersion: '1.1',
        originalUrl: '/api/v1/inventory',
        query: {}
      },
      res: { statusCode: 200 },
      responseTime: 0
    },
    timestamp: '2022-12-18T15:05:56.255Z'
  }
}
{
  level: 'info',
  message: 'HTTP OPTIONS /api/v1/category',
  metadata: {
    meta: {
      req: {
        url: '/api/v1/category',
        headers: {
          host: 'localhost:5500',
          connection: 'keep-alive',
          accept: '*/*',
          'access-control-request-method': 'GET',
          'access-control-request-headers': 'authorization',
          origin: 'http://localhost:3000',
          'user-agent': 'Mozilla/5.0 (Windows NT 10.0; Win64; x64) AppleWebKit/537.36 (KHTML, like Gecko) Chrome/107.0.0.0 Safari/537.36',
          'sec-fetch-mode': 'cors',
          'sec-fetch-site': 'same-site',
          'sec-fetch-dest': 'empty',
          referer: 'http://localhost:3000/',
          'accept-encoding': 'gzip, deflate, br',
          'accept-language': 'en-US,en;q=0.9'
        },
        method: 'OPTIONS',
        httpVersion: '1.1',
        originalUrl: '/api/v1/category',
        query: {}
      },
      res: { statusCode: 200 },
      responseTime: 0
    },
    timestamp: '2022-12-18T15:05:56.258Z'
  }
}
{
  level: 'info',
  message: 'HTTP GET /api/v1/category',
  metadata: {
    meta: {
      req: {
        url: '/api/v1/category',
        headers: {
          host: 'localhost:5500',
          connection: 'keep-alive',
          'sec-ch-ua': '"Google Chrome";v="107", "Chromium";v="107", "Not=A?Brand";v="24"',
          accept: 'application/json, text/plain, */*',
          'sec-ch-ua-mobile': '?0',
          authorization: 'Bearer eyJhbGciOiJIUzI1NiIsInR5cCI6IkpXVCJ9.eyJ1c2VySW5mbyI6eyJ1c2VybmFtZSI6ImFkbWluIiwicm9sZXMiOjEwMDB9LCJpYXQiOjE2NzEzNzU5MjgsImV4cCI6MTY3MTM3NjIyOH0.Z3scyJbrlOhVh17xLoyS-7LGn90VODgugV43npeoL64',
          'user-agent': 'Mozilla/5.0 (Windows NT 10.0; Win64; x64) AppleWebKit/537.36 (KHTML, like Gecko) Chrome/107.0.0.0 Safari/537.36',
          'sec-ch-ua-platform': '"Windows"',
          origin: 'http://localhost:3000',
          'sec-fetch-site': 'same-site',
          'sec-fetch-mode': 'cors',
          'sec-fetch-dest': 'empty',
          referer: 'http://localhost:3000/',
          'accept-encoding': 'gzip, deflate, br',
          'accept-language': 'en-US,en;q=0.9',
          cookie: 'jwt=eyJhbGciOiJIUzI1NiIsInR5cCI6IkpXVCJ9.eyJ1c2VySW5mbyI6eyJ1c2VybmFtZSI6ImFkbWluIiwicm9sZXMiOjEwMDB9LCJpYXQiOjE2NzEzNzU5MjgsImV4cCI6MTY3MTQ2MjMyOH0.h_emgqfMHAOY-QIcMcHX0Sa5MBh-FwPiCmqvA3id7J4',
          'if-none-match': 'W/"b0-mhm2T7ylcxoOp7KseltYzUB0FZI"'
        },
        method: 'GET',
        httpVersion: '1.1',
        originalUrl: '/api/v1/category',
        query: {}
      },
      res: { statusCode: 304 },
      responseTime: 73
    },
    timestamp: '2022-12-18T15:05:56.334Z'
  }
}
{
  level: 'info',
  message: 'HTTP GET /api/v1/inventory',
  metadata: {
    meta: {
      req: {
        url: '/api/v1/inventory',
        headers: {
          host: 'localhost:5500',
          connection: 'keep-alive',
          'sec-ch-ua': '"Google Chrome";v="107", "Chromium";v="107", "Not=A?Brand";v="24"',
          accept: 'application/json, text/plain, */*',
          'sec-ch-ua-mobile': '?0',
          authorization: 'Bearer eyJhbGciOiJIUzI1NiIsInR5cCI6IkpXVCJ9.eyJ1c2VySW5mbyI6eyJ1c2VybmFtZSI6ImFkbWluIiwicm9sZXMiOjEwMDB9LCJpYXQiOjE2NzEzNzU5MjgsImV4cCI6MTY3MTM3NjIyOH0.Z3scyJbrlOhVh17xLoyS-7LGn90VODgugV43npeoL64',
          'user-agent': 'Mozilla/5.0 (Windows NT 10.0; Win64; x64) AppleWebKit/537.36 (KHTML, like Gecko) Chrome/107.0.0.0 Safari/537.36',
          'sec-ch-ua-platform': '"Windows"',
          origin: 'http://localhost:3000',
          'sec-fetch-site': 'same-site',
          'sec-fetch-mode': 'cors',
          'sec-fetch-dest': 'empty',
          referer: 'http://localhost:3000/',
          'accept-encoding': 'gzip, deflate, br',
          'accept-language': 'en-US,en;q=0.9',
          cookie: 'jwt=eyJhbGciOiJIUzI1NiIsInR5cCI6IkpXVCJ9.eyJ1c2VySW5mbyI6eyJ1c2VybmFtZSI6ImFkbWluIiwicm9sZXMiOjEwMDB9LCJpYXQiOjE2NzEzNzU5MjgsImV4cCI6MTY3MTQ2MjMyOH0.h_emgqfMHAOY-QIcMcHX0Sa5MBh-FwPiCmqvA3id7J4',
          'if-none-match': 'W/"639-gOYCMLvPWhKqh7Sr26s3i5sW8A8"'
        },
        method: 'GET',
        httpVersion: '1.1',
        originalUrl: '/api/v1/inventory',
        query: {}
      },
      res: { statusCode: 304 },
      responseTime: 150
    },
    timestamp: '2022-12-18T15:05:56.409Z'
  }
}
